<?xml version="1.0" encoding="UTF-8"?>
<!-- Generated by org.testng.reporters.JUnitReportReporter -->
<testsuite skipped="0" hostname="Yogesh-Shadakshari" name="com.tests.LoginTest" tests="1" failures="0" timestamp="08 Dec 2021 09:43:15 GMT" time="22.553" errors="0">
  <testcase name="test1" time="22.553" classname="com.tests.LoginTest"/>
</testsuite> <!-- com.tests.LoginTest -->
